0 info it worked if it ends with ok
1 verbose cli [ '/usr/local/bin/node', '/usr/local/bin/npm', 'run', 'dev' ]
2 info using npm@3.3.6
3 info using node@v5.0.0
4 verbose run-script [ 'predev', 'dev', 'postdev' ]
5 info lifecycle react-webpack-todolist@1.0.0~predev: react-webpack-todolist@1.0.0
6 silly lifecycle react-webpack-todolist@1.0.0~predev: no script for predev, continuing
7 info lifecycle react-webpack-todolist@1.0.0~dev: react-webpack-todolist@1.0.0
8 verbose lifecycle react-webpack-todolist@1.0.0~dev: unsafe-perm in lifecycle true
9 verbose lifecycle react-webpack-todolist@1.0.0~dev: PATH: /usr/local/lib/node_modules/npm/bin/node-gyp-bin:/Users/ronnie/Desktop/reactProject/react-webpack-todolist/node_modules/.bin:/usr/local/bin:/usr/bin:/bin:/usr/sbin:/sbin
10 verbose lifecycle react-webpack-todolist@1.0.0~dev: CWD: /Users/ronnie/Desktop/reactProject/react-webpack-todolist
11 silly lifecycle react-webpack-todolist@1.0.0~dev: Args: [ '-c',
11 silly lifecycle   'webpack-dev-server --devtool eval --progress --colors --hot --content-base ' ]
12 silly lifecycle react-webpack-todolist@1.0.0~dev: Returned: code: 1  signal: null
13 info lifecycle react-webpack-todolist@1.0.0~dev: Failed to exec dev script
14 verbose stack Error: react-webpack-todolist@1.0.0 dev: `webpack-dev-server --devtool eval --progress --colors --hot --content-base `
14 verbose stack Exit status 1
14 verbose stack     at EventEmitter.<anonymous> (/usr/local/lib/node_modules/npm/lib/utils/lifecycle.js:233:16)
14 verbose stack     at emitTwo (events.js:87:13)
14 verbose stack     at EventEmitter.emit (events.js:172:7)
14 verbose stack     at ChildProcess.<anonymous> (/usr/local/lib/node_modules/npm/lib/utils/spawn.js:24:14)
14 verbose stack     at emitTwo (events.js:87:13)
14 verbose stack     at ChildProcess.emit (events.js:172:7)
14 verbose stack     at maybeClose (internal/child_process.js:818:16)
14 verbose stack     at Process.ChildProcess._handle.onexit (internal/child_process.js:211:5)
15 verbose pkgid react-webpack-todolist@1.0.0
16 verbose cwd /Users/ronnie/Desktop/reactProject/react-webpack-todolist
17 error Darwin 14.5.0
18 error argv "/usr/local/bin/node" "/usr/local/bin/npm" "run" "dev"
19 error node v5.0.0
20 error npm  v3.3.6
21 error code ELIFECYCLE
22 error react-webpack-todolist@1.0.0 dev: `webpack-dev-server --devtool eval --progress --colors --hot --content-base `
22 error Exit status 1
23 error Failed at the react-webpack-todolist@1.0.0 dev script 'webpack-dev-server --devtool eval --progress --colors --hot --content-base '.
23 error This is most likely a problem with the react-webpack-todolist package,
23 error not with npm itself.
23 error Tell the author that this fails on your system:
23 error     webpack-dev-server --devtool eval --progress --colors --hot --content-base
23 error You can get their info via:
23 error     npm owner ls react-webpack-todolist
23 error There is likely additional logging output above.
24 verbose exit [ 1, true ]
